TN:
SF:/Users/xsp/src/js/npm-utils/src/base/array.js
FN:6,arrayUnique
FN:17,arrayFind
FN:46,arrayFindIndex
FNF:3
FNH:3
FNDA:1,arrayUnique
FNDA:4,arrayFind
FNDA:4,arrayFindIndex
DA:7,1
DA:18,4
DA:19,1
DA:21,3
DA:22,1
DA:24,2
DA:25,2
DA:26,2
DA:29,2
DA:30,6
DA:31,6
DA:32,2
DA:35,0
DA:47,4
DA:48,1
DA:50,3
DA:51,1
DA:53,2
DA:54,2
DA:55,2
DA:58,2
DA:59,6
DA:60,6
DA:61,2
DA:64,0
LF:25
LH:23
BRDA:18,0,0,1
BRDA:18,0,1,3
BRDA:21,1,0,1
BRDA:21,1,1,2
BRDA:31,2,0,2
BRDA:31,2,1,4
BRDA:47,3,0,1
BRDA:47,3,1,3
BRDA:50,4,0,1
BRDA:50,4,1,2
BRDA:60,5,0,2
BRDA:60,5,1,4
BRF:12
BRH:12
end_of_record
TN:
SF:/Users/xsp/src/js/npm-utils/src/base/date.js
FN:3,dateFormat
FN:31,getTimeStamp
FNF:2
FNH:1
FNDA:2,dateFormat
FNDA:0,getTimeStamp
DA:4,2
DA:13,2
DA:14,2
DA:16,2
DA:17,14
DA:18,10
DA:19,10
DA:27,2
DA:32,0
LF:9
LH:8
BRDA:13,0,0,2
BRDA:13,0,1,0
BRDA:17,1,0,10
BRDA:17,1,1,4
BRDA:21,2,0,2
BRDA:21,2,1,8
BRF:6
BRH:5
end_of_record
TN:
SF:/Users/xsp/src/js/npm-utils/src/base/number.js
FN:15,numberFormat
FN:31,numberFixedFen
FN:42,numberFixedYuan
FN:52,toNonNegativeInteger
FNF:4
FNH:4
FNDA:17,numberFormat
FNDA:4,numberFixedFen
FNDA:4,numberFixedYuan
FNDA:10,toNonNegativeInteger
DA:16,17
DA:17,3
DA:19,14
DA:32,4
DA:43,4
DA:53,10
DA:54,5
DA:56,5
LF:8
LH:8
BRDA:16,0,0,3
BRDA:16,0,1,14
BRDA:20,1,0,6
BRDA:20,1,1,8
BRDA:53,2,0,5
BRDA:53,2,1,5
BRF:6
BRH:6
end_of_record
TN:
SF:/Users/xsp/src/js/npm-utils/src/base/object.js
FN:25,isObject
FN:35,isPlainObject
FN:61,isArray
FN:78,isFunction
FN:87,isString
FN:96,isNumber
FN:105,isNull
FN:114,isUndefined
FN:130,objectForEach
FN:151,objectMap
FN:153,(anonymous_10)
FN:164,clone
FN:188,isEmpty
FN:228,selectKeys
FN:241,toStr
FNF:15
FNH:11
FNDA:78,isObject
FNDA:78,isPlainObject
FNDA:0,isArray
FNDA:23,isFunction
FNDA:23,isString
FNDA:23,isNumber
FNDA:51,isNull
FNDA:50,isUndefined
FNDA:28,objectForEach
FNDA:26,objectMap
FNDA:42,(anonymous_10)
FNDA:14,clone
FNDA:0,isEmpty
FNDA:0,selectKeys
FNDA:0,toStr
DA:3,1
DA:4,0
DA:16,1
DA:18,1
DA:26,78
DA:37,78
DA:38,45
DA:41,33
DA:44,33
DA:45,1
DA:48,32
DA:51,32
DA:52,32
DA:56,1
DA:60,1
DA:61,0
DA:62,0
DA:71,1
DA:79,23
DA:88,23
DA:97,23
DA:106,51
DA:115,50
DA:131,28
DA:132,28
DA:133,52
DA:134,46
DA:152,26
DA:153,26
DA:154,42
DA:156,26
DA:165,14
DA:166,2
DA:170,12
DA:171,1
DA:175,11
DA:176,4
DA:180,7
DA:191,0
DA:193,0
DA:197,0
DA:198,0
DA:200,0
DA:201,0
DA:208,0
DA:209,0
DA:210,0
DA:211,0
DA:214,0
DA:218,0
DA:229,0
DA:230,0
DA:231,0
DA:232,0
DA:234,0
DA:242,0
DA:243,0
DA:245,0
LF:58
LH:35
BRDA:3,0,0,0
BRDA:3,0,1,1
BRDA:37,1,0,45
BRDA:37,1,1,33
BRDA:44,2,0,1
BRDA:44,2,1,32
BRDA:51,3,0,32
BRDA:51,3,1,31
BRDA:52,4,0,32
BRDA:52,4,1,31
BRDA:60,5,0,0
BRDA:60,5,1,1
BRDA:97,6,0,23
BRDA:97,6,1,4
BRDA:133,7,0,46
BRDA:133,7,1,6
BRDA:165,8,0,2
BRDA:165,8,1,12
BRDA:170,9,0,1
BRDA:170,9,1,11
BRDA:175,10,0,4
BRDA:175,10,1,7
BRDA:191,11,0,0
BRDA:191,11,1,0
BRDA:193,12,0,0
BRDA:193,12,1,0
BRDA:197,13,0,0
BRDA:197,13,1,0
BRDA:200,14,0,0
BRDA:200,14,1,0
BRDA:208,15,0,0
BRDA:208,15,1,0
BRDA:209,16,0,0
BRDA:209,16,1,0
BRDA:211,17,0,0
BRDA:211,17,1,0
BRDA:229,18,0,0
BRDA:229,18,1,0
BRDA:242,19,0,0
BRDA:242,19,1,0
BRF:40
BRH:20
end_of_record
TN:
SF:/Users/xsp/src/js/npm-utils/src/base/qs.js
FN:16,stringify
FN:23,(anonymous_1)
FNF:2
FNH:2
FNDA:23,stringify
FNDA:28,(anonymous_1)
DA:17,23
DA:18,0
DA:20,23
DA:21,3
DA:23,20
DA:24,28
DA:25,3
DA:27,25
DA:31,20
DA:43,1
DA:54,1
LF:11
LH:10
BRDA:16,0,0,0
BRDA:17,1,0,0
BRDA:17,1,1,23
BRDA:20,2,0,3
BRDA:20,2,1,20
BRDA:24,3,0,3
BRDA:24,3,1,25
BRDA:24,4,0,28
BRDA:24,4,1,27
BRDA:24,4,2,26
BRDA:27,5,0,7
BRDA:27,5,1,18
BRDA:27,6,0,25
BRDA:27,6,1,21
BRF:14
BRH:12
end_of_record
TN:
SF:/Users/xsp/src/js/npm-utils/src/base/string.js
FN:7,stringTrim
FN:16,stringTrimLeft
FN:25,stringTrimRight
FN:36,startWith
FN:45,toInt
FN:55,toIntBool
FN:65,(anonymous_6)
FN:76,toJson
FNF:8
FNH:3
FNDA:1,stringTrim
FNDA:1,stringTrimLeft
FNDA:1,stringTrimRight
FNDA:0,startWith
FNDA:0,toInt
FNDA:0,toIntBool
FNDA:0,(anonymous_6)
FNDA:0,toJson
DA:8,1
DA:17,1
DA:26,1
DA:37,0
DA:46,0
DA:47,0
DA:56,0
DA:57,0
DA:58,0
DA:60,0
DA:64,1
DA:65,1
DA:66,0
DA:77,0
DA:78,0
DA:80,0
LF:16
LH:5
BRDA:47,0,0,0
BRDA:47,0,1,0
BRDA:57,1,0,0
BRDA:57,1,1,0
BRDA:60,2,0,0
BRDA:60,2,1,0
BRDA:64,3,0,1
BRDA:64,3,1,0
BRDA:76,4,0,0
BRDA:78,5,0,0
BRDA:78,5,1,0
BRF:11
BRH:1
end_of_record
TN:
SF:/Users/xsp/src/js/npm-utils/src/base/url.js
FN:9,createUrl
FNF:1
FNH:1
FNDA:13,createUrl
DA:10,13
DA:11,13
DA:12,5
DA:15,8
DA:17,8
DA:18,5
DA:21,3
DA:23,3
DA:24,1
DA:28,8
LF:10
LH:10
BRDA:10,0,0,13
BRDA:10,0,1,0
BRDA:11,1,0,5
BRDA:11,1,1,8
BRDA:17,2,0,5
BRDA:17,2,1,3
BRDA:23,3,0,1
BRDA:23,3,1,2
BRDA:23,4,0,3
BRDA:23,4,1,2
BRF:10
BRH:9
end_of_record
TN:
SF:/Users/xsp/src/js/npm-utils/src/base/validate.js
FN:8,isMobilePhone
FNF:1
FNH:1
FNDA:4,isMobilePhone
DA:1,1
DA:9,4
LF:2
LH:2
BRF:0
BRH:0
end_of_record
TN:
SF:/Users/xsp/src/js/npm-utils/src/platforms/web/localStorage.js
FNF:0
FNH:0
DA:3,1
DA:5,1
DA:7,1
DA:10,9
DA:13,11
DA:16,1
DA:20,1
LF:7
LH:7
BRF:0
BRH:0
end_of_record
TN:
SF:/Users/xsp/src/js/npm-utils/src/utils/createStorage.js
FN:1,toJSONString
FN:5,parseJSONString
FN:9,toString
FN:57,createStorage
FN:66,setItem
FN:77,getItem
FN:90,getAll
FNF:7
FNH:6
FNDA:21,toJSONString
FNDA:9,parseJSONString
FNDA:90,toString
FNDA:3,createStorage
FNDA:27,setItem
FNDA:33,getItem
FNDA:0,getAll
DA:2,21
DA:6,9
DA:10,90
DA:67,27
DA:78,33
DA:79,33
DA:80,4
DA:82,29
DA:91,0
DA:92,0
DA:93,0
DA:95,0
DA:97,3
DA:111,21
DA:123,15
DA:124,15
DA:137,3
LF:17
LH:13
BRDA:79,0,0,4
BRDA:79,0,1,29
BRDA:92,1,0,0
BRDA:92,1,1,0
BRDA:124,2,0,6
BRDA:124,2,1,9
BRF:6
BRH:4
end_of_record
TN:
SF:/Users/xsp/src/js/npm-utils/src/platforms/web/sessionStorage.js
FNF:0
FNH:0
DA:3,1
DA:5,1
DA:7,1
DA:10,9
DA:13,11
DA:16,1
DA:20,1
LF:7
LH:7
BRF:0
BRH:0
end_of_record
TN:
SF:/Users/xsp/src/js/npm-utils/src/platforms/web/cookie.js
FN:28,getRootDomain
FN:36,setItem
FN:43,getItem
FN:50,removeItem
FN:57,clear
FN:61,(anonymous_5)
FNF:6
FNH:6
FNDA:1,getRootDomain
FNDA:9,setItem
FNDA:11,getItem
FNDA:1,removeItem
FNDA:1,clear
FNDA:6,(anonymous_5)
DA:28,1
DA:29,1
DA:37,9
DA:39,9
DA:40,9
DA:44,11
DA:46,11
DA:47,11
DA:51,1
DA:53,1
DA:54,1
DA:58,1
DA:60,1
DA:61,1
DA:62,6
DA:66,1
DA:70,1
LF:17
LH:17
BRDA:30,0,0,1
BRDA:30,0,1,1
BRDA:30,0,2,1
BRDA:37,1,0,9
BRDA:37,1,1,9
BRDA:39,2,0,9
BRDA:39,2,1,9
BRDA:44,3,0,11
BRDA:44,3,1,11
BRDA:46,4,0,11
BRDA:46,4,1,11
BRDA:51,5,0,1
BRDA:51,5,1,1
BRDA:53,6,0,1
BRDA:53,6,1,1
BRDA:58,7,0,1
BRDA:58,7,1,1
BRDA:60,8,0,1
BRDA:60,8,1,1
BRF:19
BRH:19
end_of_record
TN:
SF:/Users/xsp/src/js/npm-utils/src/router.js
FN:22,setUrlMirror
FN:34,getRealUrl
FN:63,navigateTo
FN:66,(anonymous_3)
FN:80,redirectTo
FN:83,(anonymous_5)
FN:96,navigateBack
FN:98,(anonymous_7)
FNF:8
FNH:4
FNDA:1,setUrlMirror
FNDA:8,getRealUrl
FNDA:5,navigateTo
FNDA:0,(anonymous_3)
FNDA:2,redirectTo
FNDA:0,(anonymous_5)
FNDA:0,navigateBack
FNDA:0,(anonymous_7)
DA:16,1
DA:23,1
DA:24,1
DA:35,8
DA:36,2
DA:38,6
DA:39,6
DA:40,6
DA:41,6
DA:42,6
DA:43,1
DA:44,1
DA:47,6
DA:48,1
DA:50,5
DA:52,6
DA:64,5
DA:65,5
DA:66,0
DA:68,5
DA:81,2
DA:82,2
DA:83,0
DA:85,2
DA:97,0
DA:98,0
DA:100,0
DA:105,1
DA:106,1
DA:107,1
DA:113,0
DA:121,2
DA:129,1
DA:133,1
DA:141,4
DA:142,4
DA:143,4
DA:144,4
DA:145,1
DA:147,3
DA:148,3
DA:149,3
DA:151,3
LF:43
LH:37
BRDA:23,0,0,1
BRDA:23,0,1,0
BRDA:35,1,0,2
BRDA:35,1,1,6
BRDA:39,2,0,6
BRDA:39,2,1,0
BRDA:42,3,0,1
BRDA:42,3,1,5
BRDA:47,4,0,1
BRDA:47,4,1,5
BRDA:48,5,0,0
BRDA:48,5,1,1
BRDA:63,6,0,4
BRDA:63,7,0,5
BRDA:65,8,0,0
BRDA:65,8,1,5
BRDA:80,9,0,1
BRDA:80,10,0,2
BRDA:82,11,0,0
BRDA:82,11,1,2
BRDA:96,12,0,0
BRDA:97,13,0,0
BRDA:97,13,1,0
BRDA:144,14,0,1
BRDA:144,14,1,3
BRDA:148,15,0,3
BRDA:148,15,1,0
BRF:27
BRH:18
end_of_record
TN:
SF:/Users/xsp/src/js/npm-utils/src/platforms/web/location.js
FN:4,navigateTo
FN:7,redirectTo
FN:10,navigateBack
FNF:3
FNH:2
FNDA:6,navigateTo
FNDA:2,redirectTo
FNDA:0,navigateBack
DA:1,1
DA:2,1
DA:5,6
DA:8,2
DA:11,0
DA:25,4
DA:28,6
DA:31,1
DA:34,1
LF:9
LH:8
BRDA:10,0,0,0
BRF:1
BRH:0
end_of_record
